[0m19:45:11.900415 [debug] [MainThread]: Sending event: {'category': 'dbt', 'action': 'invocation', 'label': 'start', 'context': [<snowplow_tracker.self_describing_json.SelfDescribingJson object at 0x000002322C060C90>, <snowplow_tracker.self_describing_json.SelfDescribingJson object at 0x000002322C034490>, <snowplow_tracker.self_describing_json.SelfDescribingJson object at 0x000002322C035450>]}


============================== 19:45:11.905441 | b412559f-658f-4821-8aea-956d5658871d ==============================
[0m19:45:11.905441 [info ] [MainThread]: Running with dbt=1.9.0
[0m19:45:11.906584 [debug] [MainThread]: running dbt with arguments {'printer_width': '80', 'indirect_selection': 'eager', 'log_cache_events': 'False', 'write_json': 'True', 'partial_parse': 'True', 'cache_selected_only': 'False', 'warn_error': 'None', 'version_check': 'True', 'profiles_dir': 'C:\\Users\\Admin\\.dbt', 'log_path': 'logs', 'fail_fast': 'False', 'debug': 'False', 'use_colors': 'True', 'use_experimental_parser': 'False', 'no_print': 'None', 'quiet': 'False', 'empty': 'None', 'warn_error_options': 'WarnErrorOptions(include=[], exclude=[])', 'static_parser': 'True', 'log_format': 'default', 'introspect': 'True', 'target_path': 'None', 'invocation_command': 'dbt debug', 'send_anonymous_usage_stats': 'True'}
[0m19:45:11.936844 [info ] [MainThread]: dbt version: 1.9.0
[0m19:45:11.936844 [info ] [MainThread]: python version: 3.11.7
[0m19:45:11.938474 [info ] [MainThread]: python path: C:\Users\Admin\Envs\dbt_env\Scripts\python.exe
[0m19:45:11.938474 [info ] [MainThread]: os info: Windows-10-10.0.26200-SP0
[0m19:45:13.061583 [info ] [MainThread]: Using profiles dir at C:\Users\Admin\.dbt
[0m19:45:13.062764 [info ] [MainThread]: Using profiles.yml file at C:\Users\Admin\.dbt\profiles.yml
[0m19:45:13.062764 [info ] [MainThread]: Using dbt_project.yml file at C:\Users\Admin\Downloads\d.light\dbt_project.yml
[0m19:45:13.062764 [error] [MainThread]: Encountered an error:
Internal Error
  Profile should not be None if loading profile completed
[0m19:45:13.062764 [debug] [MainThread]: Command `dbt debug` failed at 19:45:13.062764 after 1.27 seconds
[0m19:45:13.062764 [debug] [MainThread]: Sending event: {'category': 'dbt', 'action': 'invocation', 'label': 'end', 'context': [<snowplow_tracker.self_describing_json.SelfDescribingJson object at 0x0000023225905710>, <snowplow_tracker.self_describing_json.SelfDescribingJson object at 0x0000023225905390>, <snowplow_tracker.self_describing_json.SelfDescribingJson object at 0x000002323DBA5ED0>]}
[0m19:45:13.062764 [debug] [MainThread]: Flushing usage events
[0m19:45:14.006310 [debug] [MainThread]: An error was encountered while trying to flush usage events
[0m20:00:18.075180 [debug] [MainThread]: Sending event: {'category': 'dbt', 'action': 'invocation', 'label': 'start', 'context': [<snowplow_tracker.self_describing_json.SelfDescribingJson object at 0x000002B0FF216DD0>, <snowplow_tracker.self_describing_json.SelfDescribingJson object at 0x000002B0FF255BD0>, <snowplow_tracker.self_describing_json.SelfDescribingJson object at 0x000002B0FF048E10>]}


============================== 20:00:18.081711 | 8c9bb019-e3d6-4f37-a3f4-9711227808fe ==============================
[0m20:00:18.081711 [info ] [MainThread]: Running with dbt=1.9.0
[0m20:00:18.081711 [debug] [MainThread]: running dbt with arguments {'printer_width': '80', 'indirect_selection': 'eager', 'write_json': 'True', 'log_cache_events': 'False', 'partial_parse': 'True', 'cache_selected_only': 'False', 'warn_error': 'None', 'fail_fast': 'False', 'profiles_dir': 'C:\\Users\\Admin\\.dbt', 'log_path': 'logs', 'version_check': 'True', 'debug': 'False', 'use_colors': 'True', 'use_experimental_parser': 'False', 'empty': 'None', 'quiet': 'False', 'no_print': 'None', 'warn_error_options': 'WarnErrorOptions(include=[], exclude=[])', 'invocation_command': 'dbt debug --profile case_study', 'introspect': 'True', 'static_parser': 'True', 'target_path': 'None', 'log_format': 'default', 'send_anonymous_usage_stats': 'True'}
[0m20:00:18.121533 [info ] [MainThread]: dbt version: 1.9.0
[0m20:00:18.121533 [info ] [MainThread]: python version: 3.11.7
[0m20:00:18.130643 [info ] [MainThread]: python path: C:\Users\Admin\Envs\dbt_env\Scripts\python.exe
[0m20:00:18.130643 [info ] [MainThread]: os info: Windows-10-10.0.26200-SP0
[0m20:00:19.481587 [info ] [MainThread]: Using profiles dir at C:\Users\Admin\.dbt
[0m20:00:19.481587 [info ] [MainThread]: Using profiles.yml file at C:\Users\Admin\.dbt\profiles.yml
[0m20:00:19.481587 [info ] [MainThread]: Using dbt_project.yml file at C:\Users\Admin\Downloads\d.light\dbt_project.yml
[0m20:00:19.490575 [info ] [MainThread]: adapter type: snowflake
[0m20:00:19.491599 [info ] [MainThread]: adapter version: 1.9.4
[0m20:00:19.492486 [info ] [MainThread]: Configuration:
[0m20:00:19.493915 [info ] [MainThread]:   profiles.yml file [[32mOK found and valid[0m]
[0m20:00:19.494635 [info ] [MainThread]:   dbt_project.yml file [[31mERROR not found[0m]
[0m20:00:19.495657 [info ] [MainThread]: Required dependencies:
[0m20:00:19.496276 [debug] [MainThread]: Executing "git --help"
[0m20:00:19.542234 [debug] [MainThread]: STDOUT: "b"usage: git [-v | --version] [-h | --help] [-C <path>] [-c <name>=<value>]\n           [--exec-path[=<path>]] [--html-path] [--man-path] [--info-path]\n           [-p | --paginate | -P | --no-pager] [--no-replace-objects] [--bare]\n           [--git-dir=<path>] [--work-tree=<path>] [--namespace=<name>]\n           [--config-env=<name>=<envvar>] <command> [<args>]\n\nThese are common Git commands used in various situations:\n\nstart a working area (see also: git help tutorial)\n   clone     Clone a repository into a new directory\n   init      Create an empty Git repository or reinitialize an existing one\n\nwork on the current change (see also: git help everyday)\n   add       Add file contents to the index\n   mv        Move or rename a file, a directory, or a symlink\n   restore   Restore working tree files\n   rm        Remove files from the working tree and from the index\n\nexamine the history and state (see also: git help revisions)\n   bisect    Use binary search to find the commit that introduced a bug\n   diff      Show changes between commits, commit and working tree, etc\n   grep      Print lines matching a pattern\n   log       Show commit logs\n   show      Show various types of objects\n   status    Show the working tree status\n\ngrow, mark and tweak your common history\n   branch    List, create, or delete branches\n   commit    Record changes to the repository\n   merge     Join two or more development histories together\n   rebase    Reapply commits on top of another base tip\n   reset     Reset current HEAD to the specified state\n   switch    Switch branches\n   tag       Create, list, delete or verify a tag object signed with GPG\n\ncollaborate (see also: git help workflows)\n   fetch     Download objects and refs from another repository\n   pull      Fetch from and integrate with another repository or a local branch\n   push      Update remote refs along with associated objects\n\n'git help -a' and 'git help -g' list available subcommands and some\nconcept guides. See 'git help <command>' or 'git help <concept>'\nto read about a specific subcommand or concept.\nSee 'git help git' for an overview of the system.\n""
[0m20:00:19.548948 [debug] [MainThread]: STDERR: "b''"
[0m20:00:19.548948 [info ] [MainThread]:  - git [[32mOK found[0m]

[0m20:00:19.550954 [info ] [MainThread]: Connection:
[0m20:00:19.551798 [info ] [MainThread]:   account: iqlhvav-mf08847
[0m20:00:19.552807 [info ] [MainThread]:   user: priscilla njoroge
[0m20:00:19.552807 [info ] [MainThread]:   database: d.light
[0m20:00:19.553819 [info ] [MainThread]:   warehouse: COMPUTE_WH
[0m20:00:19.554806 [info ] [MainThread]:   role: accountadmin
[0m20:00:19.554806 [info ] [MainThread]:   schema: L2_PROCESSING
[0m20:00:19.555941 [info ] [MainThread]:   authenticator: None
[0m20:00:19.556945 [info ] [MainThread]:   oauth_client_id: None
[0m20:00:19.558335 [info ] [MainThread]:   query_tag: None
[0m20:00:19.558335 [info ] [MainThread]:   client_session_keep_alive: False
[0m20:00:19.559333 [info ] [MainThread]:   host: None
[0m20:00:19.559333 [info ] [MainThread]:   port: None
[0m20:00:19.561365 [info ] [MainThread]:   proxy_host: None
[0m20:00:19.562655 [info ] [MainThread]:   proxy_port: None
[0m20:00:19.563679 [info ] [MainThread]:   protocol: None
[0m20:00:19.564763 [info ] [MainThread]:   connect_retries: 1
[0m20:00:19.564763 [info ] [MainThread]:   connect_timeout: None
[0m20:00:19.566079 [info ] [MainThread]:   retry_on_database_errors: False
[0m20:00:19.566079 [info ] [MainThread]:   retry_all: False
[0m20:00:19.567088 [info ] [MainThread]:   insecure_mode: False
[0m20:00:19.567973 [info ] [MainThread]:   reuse_connections: True
[0m20:00:19.569999 [info ] [MainThread]: Registered adapter: snowflake=1.9.4
[0m20:00:20.351595 [debug] [MainThread]: Acquiring new snowflake connection 'debug'
[0m20:00:24.641382 [debug] [MainThread]: Using snowflake connection "debug"
[0m20:00:24.641382 [debug] [MainThread]: On debug: select 1 as id
[0m20:00:24.641382 [debug] [MainThread]: Opening a new connection, currently in state init
[0m20:00:29.488907 [debug] [MainThread]: Snowflake adapter: Error running SQL: select 1 as id
[0m20:00:29.489338 [debug] [MainThread]: Snowflake adapter: Rolling back transaction.
[0m20:00:29.490850 [info ] [MainThread]:   Connection test: [[31mERROR[0m]

[0m20:00:29.491370 [info ] [MainThread]: [31m2 checks failed:[0m
[0m20:00:29.491370 [info ] [MainThread]: Project loading failed for the following reason:
 project path <C:\Users\Admin\Downloads\d.light\dbt_project.yml> not found

[0m20:00:29.493679 [info ] [MainThread]: dbt was unable to connect to the specified database.
The database returned the following error:

  >Database Error
  250001 (08001): Failed to connect to DB: iqlhvav-mf08847.snowflakecomputing.com:443. Incorrect username or password was specified.

Check your database credentials and try again. For more information, visit:
https://docs.getdbt.com/docs/configure-your-profile


[0m20:00:29.494745 [debug] [MainThread]: Command `dbt debug` failed at 20:00:29.494745 after 11.54 seconds
[0m20:00:29.495285 [debug] [MainThread]: Connection 'debug' was left open.
[0m20:00:29.495825 [debug] [MainThread]: On debug: No close available on handle
[0m20:00:29.496358 [debug] [MainThread]: Sending event: {'category': 'dbt', 'action': 'invocation', 'label': 'end', 'context': [<snowplow_tracker.self_describing_json.SelfDescribingJson object at 0x000002B0FF260690>, <snowplow_tracker.self_describing_json.SelfDescribingJson object at 0x000002B0FF262BD0>, <snowplow_tracker.self_describing_json.SelfDescribingJson object at 0x000002B0FF23CA50>]}
[0m20:00:29.497422 [debug] [MainThread]: Flushing usage events
[0m20:00:30.443900 [debug] [MainThread]: An error was encountered while trying to flush usage events
[0m20:01:19.580529 [debug] [MainThread]: Sending event: {'category': 'dbt', 'action': 'invocation', 'label': 'start', 'context': [<snowplow_tracker.self_describing_json.SelfDescribingJson object at 0x00000261A1BE6310>, <snowplow_tracker.self_describing_json.SelfDescribingJson object at 0x00000261A1BE46D0>, <snowplow_tracker.self_describing_json.SelfDescribingJson object at 0x00000261A1BE4E50>]}


============================== 20:01:19.584045 | 306652e9-7d8b-463e-a586-41d37243cbba ==============================
[0m20:01:19.584045 [info ] [MainThread]: Running with dbt=1.9.0
[0m20:01:19.585429 [debug] [MainThread]: running dbt with arguments {'printer_width': '80', 'indirect_selection': 'eager', 'write_json': 'True', 'log_cache_events': 'False', 'partial_parse': 'True', 'cache_selected_only': 'False', 'warn_error': 'None', 'debug': 'False', 'profiles_dir': 'C:\\Users\\Admin\\.dbt', 'log_path': 'logs', 'version_check': 'True', 'fail_fast': 'False', 'use_colors': 'True', 'use_experimental_parser': 'False', 'empty': 'None', 'quiet': 'False', 'no_print': 'None', 'log_format': 'default', 'invocation_command': 'dbt debug --profile case_study', 'warn_error_options': 'WarnErrorOptions(include=[], exclude=[])', 'introspect': 'True', 'target_path': 'None', 'static_parser': 'True', 'send_anonymous_usage_stats': 'True'}
[0m20:01:19.612874 [info ] [MainThread]: dbt version: 1.9.0
[0m20:01:19.612874 [info ] [MainThread]: python version: 3.11.7
[0m20:01:19.612874 [info ] [MainThread]: python path: C:\Users\Admin\Envs\dbt_env\Scripts\python.exe
[0m20:01:19.616307 [info ] [MainThread]: os info: Windows-10-10.0.26200-SP0
[0m20:01:20.737750 [info ] [MainThread]: Using profiles dir at C:\Users\Admin\.dbt
[0m20:01:20.740770 [info ] [MainThread]: Using profiles.yml file at C:\Users\Admin\.dbt\profiles.yml
[0m20:01:20.741789 [info ] [MainThread]: Using dbt_project.yml file at C:\Users\Admin\Downloads\d.light\dbt_project.yml
[0m20:01:20.742792 [info ] [MainThread]: adapter type: snowflake
[0m20:01:20.742792 [info ] [MainThread]: adapter version: 1.9.4
[0m20:01:20.747873 [info ] [MainThread]: Configuration:
[0m20:01:20.749430 [info ] [MainThread]:   profiles.yml file [[32mOK found and valid[0m]
[0m20:01:20.751674 [info ] [MainThread]:   dbt_project.yml file [[31mERROR not found[0m]
[0m20:01:20.751674 [info ] [MainThread]: Required dependencies:
[0m20:01:20.754105 [debug] [MainThread]: Executing "git --help"
[0m20:01:20.799768 [debug] [MainThread]: STDOUT: "b"usage: git [-v | --version] [-h | --help] [-C <path>] [-c <name>=<value>]\n           [--exec-path[=<path>]] [--html-path] [--man-path] [--info-path]\n           [-p | --paginate | -P | --no-pager] [--no-replace-objects] [--bare]\n           [--git-dir=<path>] [--work-tree=<path>] [--namespace=<name>]\n           [--config-env=<name>=<envvar>] <command> [<args>]\n\nThese are common Git commands used in various situations:\n\nstart a working area (see also: git help tutorial)\n   clone     Clone a repository into a new directory\n   init      Create an empty Git repository or reinitialize an existing one\n\nwork on the current change (see also: git help everyday)\n   add       Add file contents to the index\n   mv        Move or rename a file, a directory, or a symlink\n   restore   Restore working tree files\n   rm        Remove files from the working tree and from the index\n\nexamine the history and state (see also: git help revisions)\n   bisect    Use binary search to find the commit that introduced a bug\n   diff      Show changes between commits, commit and working tree, etc\n   grep      Print lines matching a pattern\n   log       Show commit logs\n   show      Show various types of objects\n   status    Show the working tree status\n\ngrow, mark and tweak your common history\n   branch    List, create, or delete branches\n   commit    Record changes to the repository\n   merge     Join two or more development histories together\n   rebase    Reapply commits on top of another base tip\n   reset     Reset current HEAD to the specified state\n   switch    Switch branches\n   tag       Create, list, delete or verify a tag object signed with GPG\n\ncollaborate (see also: git help workflows)\n   fetch     Download objects and refs from another repository\n   pull      Fetch from and integrate with another repository or a local branch\n   push      Update remote refs along with associated objects\n\n'git help -a' and 'git help -g' list available subcommands and some\nconcept guides. See 'git help <command>' or 'git help <concept>'\nto read about a specific subcommand or concept.\nSee 'git help git' for an overview of the system.\n""
[0m20:01:20.800773 [debug] [MainThread]: STDERR: "b''"
[0m20:01:20.801787 [info ] [MainThread]:  - git [[32mOK found[0m]

[0m20:01:20.801787 [info ] [MainThread]: Connection:
[0m20:01:20.801787 [info ] [MainThread]:   account: iqlhvav-mf08847
[0m20:01:20.801787 [info ] [MainThread]:   user: priscilla njoroge
[0m20:01:20.801787 [info ] [MainThread]:   database: d.light
[0m20:01:20.801787 [info ] [MainThread]:   warehouse: COMPUTE_WH
[0m20:01:20.801787 [info ] [MainThread]:   role: accountadmin
[0m20:01:20.801787 [info ] [MainThread]:   schema: L2_PROCESSING
[0m20:01:20.807314 [info ] [MainThread]:   authenticator: None
[0m20:01:20.808825 [info ] [MainThread]:   oauth_client_id: None
[0m20:01:20.810715 [info ] [MainThread]:   query_tag: None
[0m20:01:20.811741 [info ] [MainThread]:   client_session_keep_alive: False
[0m20:01:20.812696 [info ] [MainThread]:   host: None
[0m20:01:20.813744 [info ] [MainThread]:   port: None
[0m20:01:20.814392 [info ] [MainThread]:   proxy_host: None
[0m20:01:20.815398 [info ] [MainThread]:   proxy_port: None
[0m20:01:20.815398 [info ] [MainThread]:   protocol: None
[0m20:01:20.815398 [info ] [MainThread]:   connect_retries: 1
[0m20:01:20.815398 [info ] [MainThread]:   connect_timeout: None
[0m20:01:20.815398 [info ] [MainThread]:   retry_on_database_errors: False
[0m20:01:20.818806 [info ] [MainThread]:   retry_all: False
[0m20:01:20.819364 [info ] [MainThread]:   insecure_mode: False
[0m20:01:20.819364 [info ] [MainThread]:   reuse_connections: True
[0m20:01:20.820875 [info ] [MainThread]: Registered adapter: snowflake=1.9.4
[0m20:01:21.401558 [debug] [MainThread]: Acquiring new snowflake connection 'debug'
[0m20:01:21.492765 [debug] [MainThread]: Using snowflake connection "debug"
[0m20:01:21.492765 [debug] [MainThread]: On debug: select 1 as id
[0m20:01:21.492765 [debug] [MainThread]: Opening a new connection, currently in state init
[0m20:01:22.313591 [debug] [MainThread]: Snowflake adapter: Error running SQL: select 1 as id
[0m20:01:22.313591 [debug] [MainThread]: Snowflake adapter: Rolling back transaction.
[0m20:01:22.315338 [info ] [MainThread]:   Connection test: [[31mERROR[0m]

[0m20:01:22.315338 [info ] [MainThread]: [31m2 checks failed:[0m
[0m20:01:22.317236 [info ] [MainThread]: Project loading failed for the following reason:
 project path <C:\Users\Admin\Downloads\d.light\dbt_project.yml> not found

[0m20:01:22.317236 [info ] [MainThread]: dbt was unable to connect to the specified database.
The database returned the following error:

  >Database Error
  250001 (08001): Failed to connect to DB: iqlhvav-mf08847.snowflakecomputing.com:443. Incorrect username or password was specified.

Check your database credentials and try again. For more information, visit:
https://docs.getdbt.com/docs/configure-your-profile


[0m20:01:22.318404 [debug] [MainThread]: Command `dbt debug` failed at 20:01:22.318404 after 2.82 seconds
[0m20:01:22.319837 [debug] [MainThread]: Connection 'debug' was left open.
[0m20:01:22.320848 [debug] [MainThread]: On debug: No close available on handle
[0m20:01:22.321365 [debug] [MainThread]: Sending event: {'category': 'dbt', 'action': 'invocation', 'label': 'end', 'context': [<snowplow_tracker.self_describing_json.SelfDescribingJson object at 0x00000261A1AE6CD0>, <snowplow_tracker.self_describing_json.SelfDescribingJson object at 0x000002619B3D5590>, <snowplow_tracker.self_describing_json.SelfDescribingJson object at 0x000002619B3D5810>]}
[0m20:01:22.321365 [debug] [MainThread]: Flushing usage events
[0m20:01:23.241590 [debug] [MainThread]: An error was encountered while trying to flush usage events
[0m20:02:44.978993 [debug] [MainThread]: Sending event: {'category': 'dbt', 'action': 'invocation', 'label': 'start', 'context': [<snowplow_tracker.self_describing_json.SelfDescribingJson object at 0x000001F01B042910>, <snowplow_tracker.self_describing_json.SelfDescribingJson object at 0x000001F01B040790>, <snowplow_tracker.self_describing_json.SelfDescribingJson object at 0x000001F01B042310>]}


============================== 20:02:44.981519 | dc6f9de6-5164-4a21-b276-d305e224b82c ==============================
[0m20:02:44.981519 [info ] [MainThread]: Running with dbt=1.9.0
[0m20:02:44.985534 [debug] [MainThread]: running dbt with arguments {'printer_width': '80', 'indirect_selection': 'eager', 'log_cache_events': 'False', 'write_json': 'True', 'partial_parse': 'True', 'cache_selected_only': 'False', 'warn_error': 'None', 'debug': 'False', 'fail_fast': 'False', 'log_path': 'logs', 'profiles_dir': 'C:\\Users\\Admin\\.dbt', 'version_check': 'True', 'use_colors': 'True', 'use_experimental_parser': 'False', 'empty': 'None', 'quiet': 'False', 'no_print': 'None', 'warn_error_options': 'WarnErrorOptions(include=[], exclude=[])', 'static_parser': 'True', 'introspect': 'True', 'invocation_command': 'dbt debug --profile case_study', 'target_path': 'None', 'log_format': 'default', 'send_anonymous_usage_stats': 'True'}
[0m20:02:45.011520 [info ] [MainThread]: dbt version: 1.9.0
[0m20:02:45.012811 [info ] [MainThread]: python version: 3.11.7
[0m20:02:45.012811 [info ] [MainThread]: python path: C:\Users\Admin\Envs\dbt_env\Scripts\python.exe
[0m20:02:45.012811 [info ] [MainThread]: os info: Windows-10-10.0.26200-SP0
[0m20:02:46.080549 [info ] [MainThread]: Using profiles dir at C:\Users\Admin\.dbt
[0m20:02:46.081920 [info ] [MainThread]: Using profiles.yml file at C:\Users\Admin\.dbt\profiles.yml
[0m20:02:46.082930 [info ] [MainThread]: Using dbt_project.yml file at C:\Users\Admin\Downloads\d.light\dbt_project.yml
[0m20:02:46.084499 [info ] [MainThread]: adapter type: snowflake
[0m20:02:46.084499 [info ] [MainThread]: adapter version: 1.9.4
[0m20:02:46.085713 [info ] [MainThread]: Configuration:
[0m20:02:46.086724 [info ] [MainThread]:   profiles.yml file [[32mOK found and valid[0m]
[0m20:02:46.087719 [info ] [MainThread]:   dbt_project.yml file [[31mERROR not found[0m]
[0m20:02:46.088224 [info ] [MainThread]: Required dependencies:
[0m20:02:46.089523 [debug] [MainThread]: Executing "git --help"
[0m20:02:46.131846 [debug] [MainThread]: STDOUT: "b"usage: git [-v | --version] [-h | --help] [-C <path>] [-c <name>=<value>]\n           [--exec-path[=<path>]] [--html-path] [--man-path] [--info-path]\n           [-p | --paginate | -P | --no-pager] [--no-replace-objects] [--bare]\n           [--git-dir=<path>] [--work-tree=<path>] [--namespace=<name>]\n           [--config-env=<name>=<envvar>] <command> [<args>]\n\nThese are common Git commands used in various situations:\n\nstart a working area (see also: git help tutorial)\n   clone     Clone a repository into a new directory\n   init      Create an empty Git repository or reinitialize an existing one\n\nwork on the current change (see also: git help everyday)\n   add       Add file contents to the index\n   mv        Move or rename a file, a directory, or a symlink\n   restore   Restore working tree files\n   rm        Remove files from the working tree and from the index\n\nexamine the history and state (see also: git help revisions)\n   bisect    Use binary search to find the commit that introduced a bug\n   diff      Show changes between commits, commit and working tree, etc\n   grep      Print lines matching a pattern\n   log       Show commit logs\n   show      Show various types of objects\n   status    Show the working tree status\n\ngrow, mark and tweak your common history\n   branch    List, create, or delete branches\n   commit    Record changes to the repository\n   merge     Join two or more development histories together\n   rebase    Reapply commits on top of another base tip\n   reset     Reset current HEAD to the specified state\n   switch    Switch branches\n   tag       Create, list, delete or verify a tag object signed with GPG\n\ncollaborate (see also: git help workflows)\n   fetch     Download objects and refs from another repository\n   pull      Fetch from and integrate with another repository or a local branch\n   push      Update remote refs along with associated objects\n\n'git help -a' and 'git help -g' list available subcommands and some\nconcept guides. See 'git help <command>' or 'git help <concept>'\nto read about a specific subcommand or concept.\nSee 'git help git' for an overview of the system.\n""
[0m20:02:46.131846 [debug] [MainThread]: STDERR: "b''"
[0m20:02:46.131846 [info ] [MainThread]:  - git [[32mOK found[0m]

[0m20:02:46.131846 [info ] [MainThread]: Connection:
[0m20:02:46.131846 [info ] [MainThread]:   account: iqlhvav-mf08847
[0m20:02:46.131846 [info ] [MainThread]:   user: priscilla
[0m20:02:46.135783 [info ] [MainThread]:   database: d.light
[0m20:02:46.135783 [info ] [MainThread]:   warehouse: COMPUTE_WH
[0m20:02:46.135783 [info ] [MainThread]:   role: accountadmin
[0m20:02:46.135783 [info ] [MainThread]:   schema: L2_PROCESSING
[0m20:02:46.139358 [info ] [MainThread]:   authenticator: None
[0m20:02:46.139358 [info ] [MainThread]:   oauth_client_id: None
[0m20:02:46.140864 [info ] [MainThread]:   query_tag: None
[0m20:02:46.141376 [info ] [MainThread]:   client_session_keep_alive: False
[0m20:02:46.142162 [info ] [MainThread]:   host: None
[0m20:02:46.142789 [info ] [MainThread]:   port: None
[0m20:02:46.142789 [info ] [MainThread]:   proxy_host: None
[0m20:02:46.143875 [info ] [MainThread]:   proxy_port: None
[0m20:02:46.145883 [info ] [MainThread]:   protocol: None
[0m20:02:46.146823 [info ] [MainThread]:   connect_retries: 1
[0m20:02:46.147887 [info ] [MainThread]:   connect_timeout: None
[0m20:02:46.149057 [info ] [MainThread]:   retry_on_database_errors: False
[0m20:02:46.149057 [info ] [MainThread]:   retry_all: False
[0m20:02:46.150197 [info ] [MainThread]:   insecure_mode: False
[0m20:02:46.151244 [info ] [MainThread]:   reuse_connections: True
[0m20:02:46.151752 [info ] [MainThread]: Registered adapter: snowflake=1.9.4
[0m20:02:46.701377 [debug] [MainThread]: Acquiring new snowflake connection 'debug'
[0m20:02:46.802601 [debug] [MainThread]: Using snowflake connection "debug"
[0m20:02:46.802601 [debug] [MainThread]: On debug: select 1 as id
[0m20:02:46.802601 [debug] [MainThread]: Opening a new connection, currently in state init
[0m20:02:49.396259 [debug] [MainThread]: SQL status: SUCCESS 1 in 2.589 seconds
[0m20:02:49.401476 [info ] [MainThread]:   Connection test: [[32mOK connection ok[0m]

[0m20:02:49.404496 [info ] [MainThread]: [31m1 check failed:[0m
[0m20:02:49.404496 [info ] [MainThread]: Project loading failed for the following reason:
 project path <C:\Users\Admin\Downloads\d.light\dbt_project.yml> not found

[0m20:02:49.413561 [debug] [MainThread]: Command `dbt debug` failed at 20:02:49.412535 after 4.53 seconds
[0m20:02:49.415759 [debug] [MainThread]: Connection 'debug' was left open.
[0m20:02:49.418097 [debug] [MainThread]: On debug: Close
[0m20:02:49.631704 [debug] [MainThread]: Sending event: {'category': 'dbt', 'action': 'invocation', 'label': 'end', 'context': [<snowplow_tracker.self_describing_json.SelfDescribingJson object at 0x000001F0148F0090>, <snowplow_tracker.self_describing_json.SelfDescribingJson object at 0x000001F01B0929D0>, <snowplow_tracker.self_describing_json.SelfDescribingJson object at 0x000001F01AF4EB50>]}
[0m20:02:49.639480 [debug] [MainThread]: Flushing usage events
[0m20:02:50.581819 [debug] [MainThread]: An error was encountered while trying to flush usage events
[0m20:09:04.552895 [debug] [MainThread]: Sending event: {'category': 'dbt', 'action': 'invocation', 'label': 'start', 'context': [<snowplow_tracker.self_describing_json.SelfDescribingJson object at 0x000001AD90A67B50>, <snowplow_tracker.self_describing_json.SelfDescribingJson object at 0x000001AD90A22B50>, <snowplow_tracker.self_describing_json.SelfDescribingJson object at 0x000001AD90A239D0>]}


============================== 20:09:04.564146 | 900fa878-5a8b-4ddb-98b9-97ee1d3a9238 ==============================
[0m20:09:04.564146 [info ] [MainThread]: Running with dbt=1.9.0
[0m20:09:04.564146 [debug] [MainThread]: running dbt with arguments {'printer_width': '80', 'indirect_selection': 'eager', 'log_cache_events': 'False', 'write_json': 'True', 'partial_parse': 'True', 'cache_selected_only': 'False', 'profiles_dir': 'C:\\Users\\Admin\\.dbt', 'debug': 'False', 'fail_fast': 'False', 'log_path': 'logs', 'version_check': 'True', 'warn_error': 'None', 'use_colors': 'True', 'use_experimental_parser': 'False', 'no_print': 'None', 'quiet': 'False', 'empty': 'None', 'warn_error_options': 'WarnErrorOptions(include=[], exclude=[])', 'static_parser': 'True', 'invocation_command': 'dbt debug', 'log_format': 'default', 'target_path': 'None', 'introspect': 'True', 'send_anonymous_usage_stats': 'True'}
[0m20:09:04.601663 [info ] [MainThread]: dbt version: 1.9.0
[0m20:09:04.601663 [info ] [MainThread]: python version: 3.11.7
[0m20:09:04.601663 [info ] [MainThread]: python path: C:\Users\Admin\Envs\dbt_env\Scripts\python.exe
[0m20:09:04.601663 [info ] [MainThread]: os info: Windows-10-10.0.26200-SP0
[0m20:09:05.984496 [info ] [MainThread]: Using profiles dir at C:\Users\Admin\.dbt
[0m20:09:05.984496 [info ] [MainThread]: Using profiles.yml file at C:\Users\Admin\.dbt\profiles.yml
[0m20:09:05.984496 [info ] [MainThread]: Using dbt_project.yml file at C:\Users\Admin\Downloads\d.light\dbt_project.yml
[0m20:09:05.984496 [error] [MainThread]: Encountered an error:
Internal Error
  Profile should not be None if loading profile completed
[0m20:09:05.988281 [debug] [MainThread]: Command `dbt debug` failed at 20:09:05.988281 after 1.52 seconds
[0m20:09:05.988281 [debug] [MainThread]: Sending event: {'category': 'dbt', 'action': 'invocation', 'label': 'end', 'context': [<snowplow_tracker.self_describing_json.SelfDescribingJson object at 0x000001AD90A70A50>, <snowplow_tracker.self_describing_json.SelfDescribingJson object at 0x000001ADA4B22010>, <snowplow_tracker.self_describing_json.SelfDescribingJson object at 0x000001AD90A728D0>]}
[0m20:09:05.990688 [debug] [MainThread]: Flushing usage events
[0m20:09:06.945288 [debug] [MainThread]: An error was encountered while trying to flush usage events
[0m20:09:33.985291 [debug] [MainThread]: Sending event: {'category': 'dbt', 'action': 'invocation', 'label': 'start', 'context': [<snowplow_tracker.self_describing_json.SelfDescribingJson object at 0x000001C452923D10>, <snowplow_tracker.self_describing_json.SelfDescribingJson object at 0x000001C452967090>, <snowplow_tracker.self_describing_json.SelfDescribingJson object at 0x000001C452965850>]}


============================== 20:09:33.991520 | 2fec7003-3f14-484d-9bdf-659fdf19b9a0 ==============================
[0m20:09:33.991520 [info ] [MainThread]: Running with dbt=1.9.0
[0m20:09:33.992584 [debug] [MainThread]: running dbt with arguments {'printer_width': '80', 'indirect_selection': 'eager', 'log_cache_events': 'False', 'write_json': 'True', 'partial_parse': 'True', 'cache_selected_only': 'False', 'profiles_dir': 'C:\\Users\\Admin\\.dbt', 'fail_fast': 'False', 'debug': 'False', 'log_path': 'logs', 'version_check': 'True', 'warn_error': 'None', 'use_colors': 'True', 'use_experimental_parser': 'False', 'empty': 'None', 'quiet': 'False', 'no_print': 'None', 'log_format': 'default', 'static_parser': 'True', 'warn_error_options': 'WarnErrorOptions(include=[], exclude=[])', 'invocation_command': 'dbt init', 'target_path': 'None', 'introspect': 'True', 'send_anonymous_usage_stats': 'True'}
[0m20:09:41.746354 [debug] [MainThread]: Starter project path: C:\Users\Admin\Envs\dbt_env\Lib\site-packages\dbt\include\starter_project
[0m20:09:41.787947 [info ] [MainThread]: 
Your new dbt project "case_study" was created!

For more information on how to configure the profiles.yml file,
please consult the dbt documentation here:

  https://docs.getdbt.com/docs/configure-your-profile

One more thing:

Need help? Don't hesitate to reach out to us via GitHub issues or on Slack:

  https://community.getdbt.com/

Happy modeling!

[0m20:09:41.787947 [info ] [MainThread]: Setting up your profile.
[0m20:10:47.607411 [info ] [MainThread]: Profile case_study written to C:\Users\Admin\.dbt\profiles.yml using target's profile_template.yml and your supplied values. Run 'dbt debug' to validate the connection.
[0m20:10:47.611394 [debug] [MainThread]: Command `dbt init` succeeded at 20:10:47.611394 after 73.72 seconds
[0m20:10:47.612164 [debug] [MainThread]: Sending event: {'category': 'dbt', 'action': 'invocation', 'label': 'end', 'context': [<snowplow_tracker.self_describing_json.SelfDescribingJson object at 0x000001C452920B10>, <snowplow_tracker.self_describing_json.SelfDescribingJson object at 0x000001C44C1957D0>, <snowplow_tracker.self_describing_json.SelfDescribingJson object at 0x000001C44C195990>]}
[0m20:10:47.612164 [debug] [MainThread]: Flushing usage events
[0m20:10:48.618715 [debug] [MainThread]: An error was encountered while trying to flush usage events
[0m20:11:06.286487 [debug] [MainThread]: Sending event: {'category': 'dbt', 'action': 'invocation', 'label': 'start', 'context': [<snowplow_tracker.self_describing_json.SelfDescribingJson object at 0x0000011DE88DF850>, <snowplow_tracker.self_describing_json.SelfDescribingJson object at 0x0000011DE88DE2D0>, <snowplow_tracker.self_describing_json.SelfDescribingJson object at 0x0000011DE88DF590>]}


============================== 20:11:06.291357 | b13fc926-2d27-405a-8b12-9131c221972d ==============================
[0m20:11:06.291357 [info ] [MainThread]: Running with dbt=1.9.0
[0m20:11:06.291357 [debug] [MainThread]: running dbt with arguments {'printer_width': '80', 'indirect_selection': 'eager', 'write_json': 'True', 'log_cache_events': 'False', 'partial_parse': 'True', 'cache_selected_only': 'False', 'warn_error': 'None', 'fail_fast': 'False', 'debug': 'False', 'log_path': 'logs', 'version_check': 'True', 'profiles_dir': 'C:\\Users\\Admin\\.dbt', 'use_colors': 'True', 'use_experimental_parser': 'False', 'empty': 'None', 'quiet': 'False', 'no_print': 'None', 'warn_error_options': 'WarnErrorOptions(include=[], exclude=[])', 'introspect': 'True', 'invocation_command': 'dbt debug', 'static_parser': 'True', 'target_path': 'None', 'log_format': 'default', 'send_anonymous_usage_stats': 'True'}
[0m20:11:06.320788 [info ] [MainThread]: dbt version: 1.9.0
[0m20:11:06.321806 [info ] [MainThread]: python version: 3.11.7
[0m20:11:06.322696 [info ] [MainThread]: python path: C:\Users\Admin\Envs\dbt_env\Scripts\python.exe
[0m20:11:06.322696 [info ] [MainThread]: os info: Windows-10-10.0.26200-SP0
[0m20:11:07.450534 [info ] [MainThread]: Using profiles dir at C:\Users\Admin\.dbt
[0m20:11:07.451552 [info ] [MainThread]: Using profiles.yml file at C:\Users\Admin\.dbt\profiles.yml
[0m20:11:07.452344 [info ] [MainThread]: Using dbt_project.yml file at C:\Users\Admin\Downloads\d.light\dbt_project.yml
[0m20:11:07.452344 [error] [MainThread]: Encountered an error:
Internal Error
  Profile should not be None if loading profile completed
[0m20:11:07.452344 [debug] [MainThread]: Command `dbt debug` failed at 20:11:07.452344 after 1.26 seconds
[0m20:11:07.455012 [debug] [MainThread]: Sending event: {'category': 'dbt', 'action': 'invocation', 'label': 'end', 'context': [<snowplow_tracker.self_describing_json.SelfDescribingJson object at 0x0000011DE2150050>, <snowplow_tracker.self_describing_json.SelfDescribingJson object at 0x0000011DE8932BD0>, <snowplow_tracker.self_describing_json.SelfDescribingJson object at 0x0000011DF9F9F110>]}
[0m20:11:07.455012 [debug] [MainThread]: Flushing usage events
[0m20:11:08.372954 [debug] [MainThread]: An error was encountered while trying to flush usage events
